2019-02-16 15:51:17,432 - Log4JLogChute initialized using file 'velocity.log'
2019-02-16 15:51:17,432 - Initializing Velocity, Calling init()...
2019-02-16 15:51:17,432 - Starting Apache Velocity v1.7 (compiled: 2010-11-19 12:14:37)
2019-02-16 15:51:17,432 - Default Properties File: org\apache\velocity\runtime\defaults\velocity.properties
2019-02-16 15:51:17,432 - Trying to use logger class org.apache.velocity.runtime.log.AvalonLogChute
2019-02-16 15:51:17,432 - Target log system for org.apache.velocity.runtime.log.AvalonLogChute is not available (java.lang.NoClassDefFoundError: org/apache/log/format/Formatter).  Falling back to next log system...
2019-02-16 15:51:17,432 - Trying to use logger class org.apache.velocity.runtime.log.Log4JLogChute
2019-02-16 15:51:17,432 - Using logger class org.apache.velocity.runtime.log.Log4JLogChute
2019-02-16 15:51:17,437 - ResourceLoader instantiated: org.apache.velocity.runtime.resource.loader.ClasspathResourceLoader
2019-02-16 15:51:17,451 - ResourceCache: initialized (class org.apache.velocity.runtime.resource.ResourceCacheImpl) with class java.util.Collections$SynchronizedMap cache map.
2019-02-16 15:51:17,452 - Loaded System Directive: org.apache.velocity.runtime.directive.Stop
2019-02-16 15:51:17,453 - Loaded System Directive: org.apache.velocity.runtime.directive.Define
2019-02-16 15:51:17,454 - Loaded System Directive: org.apache.velocity.runtime.directive.Break
2019-02-16 15:51:17,455 - Loaded System Directive: org.apache.velocity.runtime.directive.Evaluate
2019-02-16 15:51:17,456 - Loaded System Directive: org.apache.velocity.runtime.directive.Literal
2019-02-16 15:51:17,457 - Loaded System Directive: org.apache.velocity.runtime.directive.Macro
2019-02-16 15:51:17,459 - Loaded System Directive: org.apache.velocity.runtime.directive.Parse
2019-02-16 15:51:17,461 - Loaded System Directive: org.apache.velocity.runtime.directive.Include
2019-02-16 15:51:17,463 - Loaded System Directive: org.apache.velocity.runtime.directive.Foreach
2019-02-16 15:51:17,486 - Created '20' parsers.
2019-02-16 15:51:17,492 - Velocimacro : "velocimacro.library" is not set.  Trying default library: VM_global_library.vm
2019-02-16 15:51:17,493 - Could not load resource 'VM_global_library.vm' from ResourceLoader org.apache.velocity.runtime.resource.loader.ClasspathResourceLoader: ClasspathResourceLoader Error: cannot find resource VM_global_library.vm
2019-02-16 15:51:17,493 - Velocimacro : Default library not found.
2019-02-16 15:51:17,493 - Velocimacro : allowInline = true : VMs can be defined inline in templates
2019-02-16 15:51:17,493 - Velocimacro : allowInlineToOverride = false : VMs defined inline may NOT replace previous VM definitions
2019-02-16 15:51:17,493 - Velocimacro : allowInlineLocal = false : VMs defined inline will be global in scope if allowed.
2019-02-16 15:51:17,493 - Velocimacro : autoload off : VM system will not automatically reload global library macros
2019-02-16 15:51:17,508 - ResourceManager : found template/po.java.vm with loader org.apache.velocity.runtime.resource.loader.ClasspathResourceLoader
2019-02-20 18:46:42,381 - Log4JLogChute initialized using file 'velocity.log'
2019-02-20 18:46:42,382 - Initializing Velocity, Calling init()...
2019-02-20 18:46:42,382 - Starting Apache Velocity v1.7 (compiled: 2010-11-19 12:14:37)
2019-02-20 18:46:42,382 - Default Properties File: org\apache\velocity\runtime\defaults\velocity.properties
2019-02-20 18:46:42,382 - Trying to use logger class org.apache.velocity.runtime.log.AvalonLogChute
2019-02-20 18:46:42,382 - Target log system for org.apache.velocity.runtime.log.AvalonLogChute is not available (java.lang.NoClassDefFoundError: org/apache/log/format/Formatter).  Falling back to next log system...
2019-02-20 18:46:42,382 - Trying to use logger class org.apache.velocity.runtime.log.Log4JLogChute
2019-02-20 18:46:42,382 - Using logger class org.apache.velocity.runtime.log.Log4JLogChute
2019-02-20 18:46:42,387 - ResourceLoader instantiated: org.apache.velocity.runtime.resource.loader.ClasspathResourceLoader
2019-02-20 18:46:42,396 - ResourceCache: initialized (class org.apache.velocity.runtime.resource.ResourceCacheImpl) with class java.util.Collections$SynchronizedMap cache map.
2019-02-20 18:46:42,397 - Loaded System Directive: org.apache.velocity.runtime.directive.Stop
2019-02-20 18:46:42,398 - Loaded System Directive: org.apache.velocity.runtime.directive.Define
2019-02-20 18:46:42,398 - Loaded System Directive: org.apache.velocity.runtime.directive.Break
2019-02-20 18:46:42,398 - Loaded System Directive: org.apache.velocity.runtime.directive.Evaluate
2019-02-20 18:46:42,399 - Loaded System Directive: org.apache.velocity.runtime.directive.Literal
2019-02-20 18:46:42,400 - Loaded System Directive: org.apache.velocity.runtime.directive.Macro
2019-02-20 18:46:42,401 - Loaded System Directive: org.apache.velocity.runtime.directive.Parse
2019-02-20 18:46:42,402 - Loaded System Directive: org.apache.velocity.runtime.directive.Include
2019-02-20 18:46:42,403 - Loaded System Directive: org.apache.velocity.runtime.directive.Foreach
2019-02-20 18:46:42,421 - Created '20' parsers.
2019-02-20 18:46:42,426 - Velocimacro : "velocimacro.library" is not set.  Trying default library: VM_global_library.vm
2019-02-20 18:46:42,426 - Could not load resource 'VM_global_library.vm' from ResourceLoader org.apache.velocity.runtime.resource.loader.ClasspathResourceLoader: ClasspathResourceLoader Error: cannot find resource VM_global_library.vm
2019-02-20 18:46:42,426 - Velocimacro : Default library not found.
2019-02-20 18:46:42,426 - Velocimacro : allowInline = true : VMs can be defined inline in templates
2019-02-20 18:46:42,427 - Velocimacro : allowInlineToOverride = false : VMs defined inline may NOT replace previous VM definitions
2019-02-20 18:46:42,427 - Velocimacro : allowInlineLocal = false : VMs defined inline will be global in scope if allowed.
2019-02-20 18:46:42,427 - Velocimacro : autoload off : VM system will not automatically reload global library macros
2019-02-20 18:46:42,441 - ResourceManager : found template/po.java.vm with loader org.apache.velocity.runtime.resource.loader.ClasspathResourceLoader
2019-03-01 14:37:57,642 - Log4JLogChute initialized using file 'velocity.log'
2019-03-01 14:37:57,643 - Initializing Velocity, Calling init()...
2019-03-01 14:37:57,643 - Starting Apache Velocity v1.7 (compiled: 2010-11-19 12:14:37)
2019-03-01 14:37:57,643 - Default Properties File: org\apache\velocity\runtime\defaults\velocity.properties
2019-03-01 14:37:57,643 - Trying to use logger class org.apache.velocity.runtime.log.AvalonLogChute
2019-03-01 14:37:57,643 - Target log system for org.apache.velocity.runtime.log.AvalonLogChute is not available (java.lang.NoClassDefFoundError: org/apache/log/format/Formatter).  Falling back to next log system...
2019-03-01 14:37:57,643 - Trying to use logger class org.apache.velocity.runtime.log.Log4JLogChute
2019-03-01 14:37:57,643 - Using logger class org.apache.velocity.runtime.log.Log4JLogChute
2019-03-01 14:37:57,647 - ResourceLoader instantiated: org.apache.velocity.runtime.resource.loader.ClasspathResourceLoader
2019-03-01 14:37:57,655 - ResourceCache: initialized (class org.apache.velocity.runtime.resource.ResourceCacheImpl) with class java.util.Collections$SynchronizedMap cache map.
2019-03-01 14:37:57,656 - Loaded System Directive: org.apache.velocity.runtime.directive.Stop
2019-03-01 14:37:57,657 - Loaded System Directive: org.apache.velocity.runtime.directive.Define
2019-03-01 14:37:57,657 - Loaded System Directive: org.apache.velocity.runtime.directive.Break
2019-03-01 14:37:57,657 - Loaded System Directive: org.apache.velocity.runtime.directive.Evaluate
2019-03-01 14:37:57,658 - Loaded System Directive: org.apache.velocity.runtime.directive.Literal
2019-03-01 14:37:57,659 - Loaded System Directive: org.apache.velocity.runtime.directive.Macro
2019-03-01 14:37:57,660 - Loaded System Directive: org.apache.velocity.runtime.directive.Parse
2019-03-01 14:37:57,661 - Loaded System Directive: org.apache.velocity.runtime.directive.Include
2019-03-01 14:37:57,661 - Loaded System Directive: org.apache.velocity.runtime.directive.Foreach
2019-03-01 14:37:57,678 - Created '20' parsers.
2019-03-01 14:37:57,683 - Velocimacro : "velocimacro.library" is not set.  Trying default library: VM_global_library.vm
2019-03-01 14:37:57,684 - Could not load resource 'VM_global_library.vm' from ResourceLoader org.apache.velocity.runtime.resource.loader.ClasspathResourceLoader: ClasspathResourceLoader Error: cannot find resource VM_global_library.vm
2019-03-01 14:37:57,684 - Velocimacro : Default library not found.
2019-03-01 14:37:57,684 - Velocimacro : allowInline = true : VMs can be defined inline in templates
2019-03-01 14:37:57,684 - Velocimacro : allowInlineToOverride = false : VMs defined inline may NOT replace previous VM definitions
2019-03-01 14:37:57,684 - Velocimacro : allowInlineLocal = false : VMs defined inline will be global in scope if allowed.
2019-03-01 14:37:57,684 - Velocimacro : autoload off : VM system will not automatically reload global library macros
2019-03-01 14:37:57,697 - ResourceManager : found template/po.java.vm with loader org.apache.velocity.runtime.resource.loader.ClasspathResourceLoader
2019-03-01 16:33:12,850 - Log4JLogChute initialized using file 'velocity.log'
2019-03-01 16:33:12,850 - Initializing Velocity, Calling init()...
2019-03-01 16:33:12,850 - Starting Apache Velocity v1.7 (compiled: 2010-11-19 12:14:37)
2019-03-01 16:33:12,850 - Default Properties File: org\apache\velocity\runtime\defaults\velocity.properties
2019-03-01 16:33:12,850 - Trying to use logger class org.apache.velocity.runtime.log.AvalonLogChute
2019-03-01 16:33:12,850 - Target log system for org.apache.velocity.runtime.log.AvalonLogChute is not available (java.lang.NoClassDefFoundError: org/apache/log/format/Formatter).  Falling back to next log system...
2019-03-01 16:33:12,850 - Trying to use logger class org.apache.velocity.runtime.log.Log4JLogChute
2019-03-01 16:33:12,850 - Using logger class org.apache.velocity.runtime.log.Log4JLogChute
2019-03-01 16:33:12,853 - ResourceLoader instantiated: org.apache.velocity.runtime.resource.loader.ClasspathResourceLoader
2019-03-01 16:33:12,858 - ResourceCache: initialized (class org.apache.velocity.runtime.resource.ResourceCacheImpl) with class java.util.Collections$SynchronizedMap cache map.
2019-03-01 16:33:12,859 - Loaded System Directive: org.apache.velocity.runtime.directive.Stop
2019-03-01 16:33:12,860 - Loaded System Directive: org.apache.velocity.runtime.directive.Define
2019-03-01 16:33:12,860 - Loaded System Directive: org.apache.velocity.runtime.directive.Break
2019-03-01 16:33:12,861 - Loaded System Directive: org.apache.velocity.runtime.directive.Evaluate
2019-03-01 16:33:12,861 - Loaded System Directive: org.apache.velocity.runtime.directive.Literal
2019-03-01 16:33:12,862 - Loaded System Directive: org.apache.velocity.runtime.directive.Macro
2019-03-01 16:33:12,863 - Loaded System Directive: org.apache.velocity.runtime.directive.Parse
2019-03-01 16:33:12,863 - Loaded System Directive: org.apache.velocity.runtime.directive.Include
2019-03-01 16:33:12,864 - Loaded System Directive: org.apache.velocity.runtime.directive.Foreach
2019-03-01 16:33:12,881 - Created '20' parsers.
2019-03-01 16:33:12,885 - Velocimacro : "velocimacro.library" is not set.  Trying default library: VM_global_library.vm
2019-03-01 16:33:12,886 - Could not load resource 'VM_global_library.vm' from ResourceLoader org.apache.velocity.runtime.resource.loader.ClasspathResourceLoader: ClasspathResourceLoader Error: cannot find resource VM_global_library.vm
2019-03-01 16:33:12,886 - Velocimacro : Default library not found.
2019-03-01 16:33:12,886 - Velocimacro : allowInline = true : VMs can be defined inline in templates
2019-03-01 16:33:12,886 - Velocimacro : allowInlineToOverride = false : VMs defined inline may NOT replace previous VM definitions
2019-03-01 16:33:12,886 - Velocimacro : allowInlineLocal = false : VMs defined inline will be global in scope if allowed.
2019-03-01 16:33:12,886 - Velocimacro : autoload off : VM system will not automatically reload global library macros
2019-03-01 16:33:12,898 - ResourceManager : found template/po.java.vm with loader org.apache.velocity.runtime.resource.loader.ClasspathResourceLoader
2019-03-10 10:36:19,701 - Log4JLogChute initialized using file 'velocity.log'
2019-03-10 10:36:19,702 - Initializing Velocity, Calling init()...
2019-03-10 10:36:19,702 - Starting Apache Velocity v1.7 (compiled: 2010-11-19 12:14:37)
2019-03-10 10:36:19,702 - Default Properties File: org\apache\velocity\runtime\defaults\velocity.properties
2019-03-10 10:36:19,702 - Trying to use logger class org.apache.velocity.runtime.log.AvalonLogChute
2019-03-10 10:36:19,702 - Target log system for org.apache.velocity.runtime.log.AvalonLogChute is not available (java.lang.NoClassDefFoundError: org/apache/log/format/Formatter).  Falling back to next log system...
2019-03-10 10:36:19,702 - Trying to use logger class org.apache.velocity.runtime.log.Log4JLogChute
2019-03-10 10:36:19,702 - Using logger class org.apache.velocity.runtime.log.Log4JLogChute
2019-03-10 10:36:19,705 - ResourceLoader instantiated: org.apache.velocity.runtime.resource.loader.ClasspathResourceLoader
2019-03-10 10:36:19,714 - ResourceCache: initialized (class org.apache.velocity.runtime.resource.ResourceCacheImpl) with class java.util.Collections$SynchronizedMap cache map.
2019-03-10 10:36:19,715 - Loaded System Directive: org.apache.velocity.runtime.directive.Stop
2019-03-10 10:36:19,716 - Loaded System Directive: org.apache.velocity.runtime.directive.Define
2019-03-10 10:36:19,716 - Loaded System Directive: org.apache.velocity.runtime.directive.Break
2019-03-10 10:36:19,717 - Loaded System Directive: org.apache.velocity.runtime.directive.Evaluate
2019-03-10 10:36:19,718 - Loaded System Directive: org.apache.velocity.runtime.directive.Literal
2019-03-10 10:36:19,719 - Loaded System Directive: org.apache.velocity.runtime.directive.Macro
2019-03-10 10:36:19,720 - Loaded System Directive: org.apache.velocity.runtime.directive.Parse
2019-03-10 10:36:19,721 - Loaded System Directive: org.apache.velocity.runtime.directive.Include
2019-03-10 10:36:19,722 - Loaded System Directive: org.apache.velocity.runtime.directive.Foreach
2019-03-10 10:36:19,739 - Created '20' parsers.
2019-03-10 10:36:19,743 - Velocimacro : "velocimacro.library" is not set.  Trying default library: VM_global_library.vm
2019-03-10 10:36:19,744 - Could not load resource 'VM_global_library.vm' from ResourceLoader org.apache.velocity.runtime.resource.loader.ClasspathResourceLoader: ClasspathResourceLoader Error: cannot find resource VM_global_library.vm
2019-03-10 10:36:19,744 - Velocimacro : Default library not found.
2019-03-10 10:36:19,744 - Velocimacro : allowInline = true : VMs can be defined inline in templates
2019-03-10 10:36:19,744 - Velocimacro : allowInlineToOverride = false : VMs defined inline may NOT replace previous VM definitions
2019-03-10 10:36:19,744 - Velocimacro : allowInlineLocal = false : VMs defined inline will be global in scope if allowed.
2019-03-10 10:36:19,744 - Velocimacro : autoload off : VM system will not automatically reload global library macros
2019-03-10 10:36:19,755 - ResourceManager : found template/po.java.vm with loader org.apache.velocity.runtime.resource.loader.ClasspathResourceLoader
2019-03-10 10:36:20,096 - ResourceManager : found template/mapper.xml.vm with loader org.apache.velocity.runtime.resource.loader.ClasspathResourceLoader
